#
# There is insufficient memory for the Java Runtime Environment to continue.
# Native memory allocation (malloc) failed to allocate 1048576 bytes for AllocateHeap
# Possible reasons:
#   The system is out of physical RAM or swap space
#   The process is running with CompressedOops enabled, and the Java Heap may be blocking the growth of the native heap
# Possible solutions:
#   Reduce memory load on the system
#   Increase physical memory or swap space
#   Check if swap backing store is full
#   Decrease Java heap size (-Xmx/-Xms)
#   Decrease number of Java threads
#   Decrease Java thread stack sizes (-Xss)
#   Set larger code cache with -XX:ReservedCodeCacheSize=
#   JVM is running with Unscaled Compressed Oops mode in which the Java heap is
#     placed in the first 4GB address space. The Java Heap base address is the
#     maximum limit for the native heap growth. Please use -XX:HeapBaseMinAddress
#     to set the Java Heap base and to place the Java Heap above 4GB virtual address.
# This output file may be truncated or incomplete.
#
#  Out of Memory Error (allocation.cpp:44), pid=4900, tid=21428
#
# JRE version:  (17.0.2+8) (build )
# Java VM: Java HotSpot(TM) 64-Bit Server VM (17.0.2+8-LTS-86, mixed mode, sharing, tiered, compressed oops, compressed class ptrs, g1 gc, windows-amd64)
# No core dump will be written. Minidumps are not enabled by default on client versions of Windows
#

---------------  S U M M A R Y ------------

Command Line: -Dfile.encoding=UTF-8 -XX:+ShowCodeDetailsInExceptionMessages com.entry.Main

Host: AMD Ryzen 5 3550H with Radeon Vega Mobile Gfx  , 8 cores, 5G,  Windows 10 , 64 bit Build 19041 (10.0.19041.1503)
Time: Mon Oct 10 20:06:57 2022 India Standard Time elapsed time: 0.015374 seconds (0d 0h 0m 0s)

---------------  T H R E A D  ---------------

Current thread (0x000001fd82c2f730):  JavaThread "Unknown thread" [_thread_in_vm, id=21428, stack(0x0000002da4900000,0x0000002da4a00000)]

Stack: [0x0000002da4900000,0x0000002da4a00000]
Native frames: (J=compiled Java code, j=interpreted, Vv=VM code, C=native code)
V  [jvm.dll+0x670baa]
V  [jvm.dll+0x7cfcb4]
V  [jvm.dll+0x7d145e]
V  [jvm.dll+0x7d1ac3]
V  [jvm.dll+0x242bc5]
V  [jvm.dll+0xa4b93]
V  [jvm.dll+0x2d3c54]
V  [jvm.dll+0x7a188c]
V  [jvm.dll+0x365a91]
V  [jvm.dll+0x780d2c]
V  [jvm.dll+0x3e845f]
V  [jvm.dll+0x3e9f01]
C  [jli.dll+0x527b]
C  [ucrtbase.dll+0x21bb2]
C  [KERNEL32.DLL+0x17034]
C  [ntdll.dll+0x52651]


---------------  P R O C E S S  ---------------

Threads class SMR info:
_java_thread_list=0x00007ffee29c9858, length=0, elements={
}

Java Threads: ( => current thread )

Other Threads:

=>0x000001fd82c2f730 (exited) JavaThread "Unknown thread" [_thread_in_vm, id=21428, stack(0x0000002da4900000,0x0000002da4a00000)]

Threads with active compile tasks:

VM state: not at safepoint (not fully initialized)

VM Mutex/Monitor currently owned by a thread: None

Heap address: 0x0000000000000000, size: 0 MB, Compressed Oops mode: 32-bit

CDS archive(s) mapped at: [0x0000000000000000-0x0000000000000000-0x0000000000000000), size 0, SharedBaseAddress: 0x0000000800000000, ArchiveRelocationMode: 0.
Narrow klass base: 0x0000000000000000, Narrow klass shift: 0, Narrow klass range: 0x0

GC Precious Log:
<Empty>

GC Heap History (0 events):
No events

Deoptimization events (0 events):
No events

Classes unloaded (0 events):
No events

Classes redefined (0 events):
No events

Internal exceptions (0 events):
No events

VM Operations (0 events):
No events

Events (1 events):
Event: 0.009 Loaded shared library C:\Program Files\Java\jdk-17.0.2\bin\java.dll


Dynamic libraries:
0x00007ff7b1d60000 - 0x00007ff7b1d70000 	C:\Program Files\Java\jdk-17.0.2\bin\javaw.exe
0x00007fff6dbd0000 - 0x00007fff6ddc5000 	C:\Windows\SYSTEM32\ntdll.dll
0x00007fff6dad0000 - 0x00007fff6db8e000 	C:\Windows\System32\KERNEL32.DLL
0x00007fff6b830000 - 0x00007fff6baf8000 	C:\Windows\System32\KERNELBASE.dll
0x00007fff6b310000 - 0x00007fff6b410000 	C:\Windows\System32\ucrtbase.dll
0x00007fff441e0000 - 0x00007fff441fa000 	C:\Program Files\Java\jdk-17.0.2\bin\VCRUNTIME140.dll
0x00007fff460f0000 - 0x00007fff46108000 	C:\Program Files\Java\jdk-17.0.2\bin\jli.dll
0x00007fff6d450000 - 0x00007fff6d4fe000 	C:\Windows\System32\ADVAPI32.dll
0x00007fff6cd60000 - 0x00007fff6cdfe000 	C:\Windows\System32\msvcrt.dll
0x00007fff6d770000 - 0x00007fff6d80c000 	C:\Windows\System32\sechost.dll
0x00007fff6d5c0000 - 0x00007fff6d6e5000 	C:\Windows\System32\RPCRT4.dll
0x00007fff6d010000 - 0x00007fff6d1b0000 	C:\Windows\System32\USER32.dll
0x00007fff5d1e0000 - 0x00007fff5d47a000 	C:\Windows\WinSxS\amd64_microsoft.windows.common-controls_6595b64144ccf1df_6.0.19041.1110_none_60b5254171f9507e\COMCTL32.dll
0x00007fff6b6a0000 - 0x00007fff6b6c2000 	C:\Windows\System32\win32u.dll
0x00007fff6d720000 - 0x00007fff6d74b000 	C:\Windows\System32\GDI32.dll
0x00007fff6b540000 - 0x00007fff6b64d000 	C:\Windows\System32\gdi32full.dll
0x00007fff6b410000 - 0x00007fff6b4ad000 	C:\Windows\System32\msvcp_win.dll
0x00007fff63b00000 - 0x00007fff63b0a000 	C:\Windows\SYSTEM32\VERSION.dll
0x00007fff6d6f0000 - 0x00007fff6d720000 	C:\Windows\System32\IMM32.DLL
0x00007fff65710000 - 0x00007fff6571c000 	C:\Program Files\Java\jdk-17.0.2\bin\vcruntime140_1.dll
0x00007fff277b0000 - 0x00007fff2783d000 	C:\Program Files\Java\jdk-17.0.2\bin\msvcp140.dll
0x00007ffee1f30000 - 0x00007ffee2af1000 	C:\Program Files\Java\jdk-17.0.2\bin\server\jvm.dll
0x00007fff6d3e0000 - 0x00007fff6d3e8000 	C:\Windows\System32\PSAPI.DLL
0x00007fff61cc0000 - 0x00007fff61ce7000 	C:\Windows\SYSTEM32\WINMM.dll
0x00007ffefc200000 - 0x00007ffefc209000 	C:\Windows\SYSTEM32\WSOCK32.dll
0x00007fff6d210000 - 0x00007fff6d27b000 	C:\Windows\System32\WS2_32.dll
0x00007fff69b60000 - 0x00007fff69b72000 	C:\Windows\SYSTEM32\kernel.appcore.dll
0x00007fff638f0000 - 0x00007fff638fa000 	C:\Program Files\Java\jdk-17.0.2\bin\jimage.dll
0x00007fff691b0000 - 0x00007fff69394000 	C:\Windows\SYSTEM32\DBGHELP.DLL
0x00007fff59a60000 - 0x00007fff59a8c000 	C:\Windows\SYSTEM32\dbgcore.DLL
0x00007fff6b4b0000 - 0x00007fff6b532000 	C:\Windows\System32\bcryptPrimitives.dll
0x00007fff3ab40000 - 0x00007fff3ab65000 	C:\Program Files\Java\jdk-17.0.2\bin\java.dll

dbghelp: loaded successfully - version: 4.0.5 - missing functions: none
symbol engine: initialized successfully - sym options: 0x614 - pdb path: .;C:\Program Files\Java\jdk-17.0.2\bin;C:\Windows\SYSTEM32;C:\Windows\WinSxS\amd64_microsoft.windows.common-controls_6595b64144ccf1df_6.0.19041.1110_none_60b5254171f9507e;C:\Program Files\Java\jdk-17.0.2\bin\server

VM Arguments:
jvm_args: -Dfile.encoding=UTF-8 -XX:+ShowCodeDetailsInExceptionMessages 
java_command: com.entry.Main
java_class_path (initial): C:\Users\shiva\Documents\workspace-spring-tool-suite-4-4.16.0.RELEASE\PROJECT\target\classes;C:\hibernate-core-6.0.1.Final.jar;C:\javax.persistence-api-2.2.jar;C:\mysql-connector-java-8.0.30.jar;C:\protobuf-java-3.19.4.jar;C:\Users\shiva\.m2\repository\org\hibernate\orm\hibernate-core\6.1.0.Final\hibernate-core-6.1.0.Final.jar;C:\Users\shiva\.m2\repository\jakarta\persistence\jakarta.persistence-api\3.0.0\jakarta.persistence-api-3.0.0.jar;C:\Users\shiva\.m2\repository\jakarta\transaction\jakarta.transaction-api\2.0.0\jakarta.transaction-api-2.0.0.jar;C:\Users\shiva\.m2\repository\org\jboss\logging\jboss-logging\3.4.3.Final\jboss-logging-3.4.3.Final.jar;C:\Users\shiva\.m2\repository\org\hibernate\common\hibernate-commons-annotations\6.0.2.Final\hibernate-commons-annotations-6.0.2.Final.jar;C:\Users\shiva\.m2\repository\org\jboss\jandex\2.4.2.Final\jandex-2.4.2.Final.jar;C:\Users\shiva\.m2\repository\com\fasterxml\classmate\1.5.1\classmate-1.5.1.jar;C:\Users\shiva\.m2\repository\net\bytebuddy\byte-buddy\1.12.9\byte-buddy-1.12.9.jar;C:\Users\shiva\.m2\repository\jakarta\xml\bind\jakarta.xml.bind-api\3.0.1\jakarta.xml.bind-api-3.0.1.jar;C:\Users\shiva\.m2\repository\com\sun\activation\jakarta.activation\2.0.1\jakarta.activation-2.0.1.jar;C:\Users\shiva\.m2\repository\org\glassfish\jaxb\jaxb-runtime\3.0.2\jaxb-runtime-3.0.2.jar;C:\Users\shiva\.m2\repository\org\glassfish\jaxb\jaxb-core\3.0.2\jaxb-core-3.0.2.jar;C:\Users\shiva\.m2\repository\org\glassfish\jaxb\txw2\3.0.2\txw2-3.0.2.jar;C:\Users\shiva\.m2\repository\com\sun\istack\istack-commons-runtime\4.0.1\istack-commons-runtime-4.0.1.jar;C:\Users\shiva\.m2\repository\jakarta\inject\jakarta.inject-api\2.0.0\jakarta.inject-api-2.0.0.jar;C:\Users\shiva\.m2\repository\org\antlr\antlr4-runtime\4.10\antlr4-runtime-4.10.jar;C:\Users\shiva\.m2\repository\mysql\mysql-connector-java\8.0.30\mysql-connector-java-8.0.30.jar;C:\Users\shiva\.m2\repository\com\google\protobuf\protobuf-java\3.19.4\protobuf-
Launcher Type: SUN_STANDARD

[Global flags]
     intx CICompilerCount                          = 4                                         {product} {ergonomic}
     uint ConcGCThreads                            = 2                                         {product} {ergonomic}
     uint G1ConcRefinementThreads                  = 8                                         {product} {ergonomic}
   size_t G1HeapRegionSize                         = 1048576                                   {product} {ergonomic}
    uintx GCDrainStackTargetSize                   = 64                                        {product} {ergonomic}
   size_t InitialHeapSize                          = 100663296                                 {product} {ergonomic}
   size_t MarkStackSize                            = 4194304                                   {product} {ergonomic}
   size_t MaxHeapSize                              = 1595932672                                {product} {ergonomic}
   size_t MinHeapDeltaBytes                        = 1048576                                   {product} {ergonomic}
   size_t MinHeapSize                              = 8388608                                   {product} {ergonomic}
    uintx NonNMethodCodeHeapSize                   = 5839372                                {pd product} {ergonomic}
    uintx NonProfiledCodeHeapSize                  = 122909434                              {pd product} {ergonomic}
    uintx ProfiledCodeHeapSize                     = 122909434                              {pd product} {ergonomic}
    uintx ReservedCodeCacheSize                    = 251658240                              {pd product} {ergonomic}
     bool SegmentedCodeCache                       = true                                      {product} {ergonomic}
     bool ShowCodeDetailsInExceptionMessages       = true                                   {manageable} {command line}
   size_t SoftMaxHeapSize                          = 1595932672                             {manageable} {ergonomic}
     bool UseCompressedClassPointers               = true                           {product lp64_product} {ergonomic}
     bool UseCompressedOops                        = true                           {product lp64_product} {ergonomic}
     bool UseG1GC                                  = true                                      {product} {ergonomic}
     bool UseLargePagesIndividualAllocation        = false                                  {pd product} {ergonomic}

Logging:
Log output configuration:
 #0: stdout all=warning uptime,level,tags
 #1: stderr all=off uptime,level,tags

Environment Variables:
JAVA_HOME=C:\Program Files\Java\jdk-17.0.2
CLASSPATH=C:\Users\shiva\Downloads\mysql-connector-java-8.0.11.jar;.;
PATH=C:/Users/shiva/Downloads/sts-4.16.0.RELEASE//plugins/org.eclipse.justj.openjdk.hotspot.jre.full.win32.x86_64_17.0.4.v20220903-1038/jre/bin/server;C:/Users/shiva/Downloads/sts-4.16.0.RELEASE//plugins/org.eclipse.justj.openjdk.hotspot.jre.full.win32.x86_64_17.0.4.v20220903-1038/jre/bin;C:\Program Files\Common Files\Oracle\Java\javapath;C:\Windows\system32;C:\Windows;C:\Windows\System32\Wbem;C:\Windows\System32\WindowsPowerShell\v1.0\;C:\Windows\System32\OpenSSH\;C:\Program Files (x86)\NVIDIA Corporation\PhysX\Common;C:\Program Files\NVIDIA Corporation\NVIDIA NvDLISR;C:\Program Files\MATLAB\R2012a\runtime\win64;C:\Program Files\MATLAB\R2012a\bin;C:\Program Files\dotnet\;C:\Program Files\Java\jdk-17.0.2\bin;C:\Program Files\Git\cmd;C:\Ruby30-x64\bin;C:\Users\shiva\AppData\Local\Microsoft\WindowsApps;C:\Program Files (x86)\mingw-w64\i686-8.1.0-posix-dwarf-rt_v6-rev0\mingw32\bin;C:\Users\shiva\AppData\Local\Programs\Microsoft VS Code\bin;C:\Program Files (x86)\mingw-w64\i686-8.1.0-posix-dwarf-rt_v6-rev0\mingw32\bin;C:\Program Files (x86)\mingw-w64\i686-8.1.0-posix-dwarf-rt_v6-rev0\mingw32\bin;C:\Program Files\JetBrains\IntelliJ IDEA Community Edition 2022.1.3\bin;;C:\Windows\system32;
USERNAME=shiva
OS=Windows_NT
PROCESSOR_IDENTIFIER=AMD64 Family 23 Model 24 Stepping 1, AuthenticAMD



---------------  S Y S T E M  ---------------

OS:
 Windows 10 , 64 bit Build 19041 (10.0.19041.1503)
OS uptime: 4 days 4:27 hours

CPU: total 8 (initial active 8) (8 cores per cpu, 2 threads per core) family 23 model 24 stepping 1 microcode 0x0, cx8, cmov, fxsr, ht, mmx, 3dnowpref, sse, sse2, sse3, ssse3, sse4a, sse4.1, sse4.2, popcnt, lzcnt, tsc, tscinvbit, avx, avx2, aes, clmul, bmi1, bmi2, adx, sha, fma, vzeroupper, clflush, clflushopt

Memory: 4k page, system-wide physical 6081M (649M free)
TotalPageFile size 24513M (AvailPageFile size 182M)
current process WorkingSet (physical memory assigned to process): 9M, peak: 9M
current process commit charge ("private bytes"): 18M, peak: 18M

vm_info: Java HotSpot(TM) 64-Bit Server VM (17.0.2+8-LTS-86) for windows-amd64 JRE (17.0.2+8-LTS-86), built on Dec  7 2021 21:51:03 by "mach5one" with MS VC++ 16.8 / 16.9 (VS2019)

END.
